#
# There is insufficient memory for the Java Runtime Environment to continue.
# Native memory allocation (mmap) failed to map 87031808 bytes for committing reserved memory.
# Possible reasons:
#   The system is out of physical RAM or swap space
#   In 32 bit mode, the process size limit was hit
# Possible solutions:
#   Reduce memory load on the system
#   Increase physical memory or swap space
#   Check if swap backing store is full
#   Use 64 bit Java on a 64 bit OS
#   Decrease Java heap size (-Xmx/-Xms)
#   Decrease number of Java threads
#   Decrease Java thread stack sizes (-Xss)
#   Set larger code cache with -XX:ReservedCodeCacheSize=
# This output file may be truncated or incomplete.
#
#  Out of Memory Error (os_linux.cpp:2640), pid=10450, tid=0x00007f29b833a700
#
# JRE version:  (8.0_161-b12) (build )
# Java VM: Java HotSpot(TM) 64-Bit Server VM (25.161-b12 mixed mode linux-amd64 compressed oops)
# Failed to write core dump. Core dumps have been disabled. To enable core dumping, try "ulimit -c unlimited" before starting Java again
#

---------------  T H R E A D  ---------------

Current thread (0x00007f29b000a800):  JavaThread "Unknown thread" [_thread_in_vm, id=10456, stack(0x00007f29b823a000,0x00007f29b833b000)]

Stack: [0x00007f29b823a000,0x00007f29b833b000],  sp=0x00007f29b8339380,  free space=1020k
Native frames: (J=compiled Java code, j=interpreted, Vv=VM code, C=native code)
V  [libjvm.so+0xacf94a]  VMError::report_and_die()+0x2ba
V  [libjvm.so+0x50050b]  report_vm_out_of_memory(char const*, int, unsigned long, VMErrorType, char const*)+0x8b
V  [libjvm.so+0x92b133]  os::Linux::commit_memory_impl(char*, unsigned long, bool)+0x103
V  [libjvm.so+0x92b5c9]  os::pd_commit_memory(char*, unsigned long, unsigned long, bool)+0x29
V  [libjvm.so+0x924c0a]  os::commit_memory(char*, unsigned long, unsigned long, bool)+0x2a
V  [libjvm.so+0x99ab53]  PSVirtualSpace::expand_by(unsigned long)+0x53
V  [libjvm.so+0x98ac67]  PSOldGen::initialize(ReservedSpace, unsigned long, char const*, int)+0xb7
V  [libjvm.so+0x2db30a]  AdjoiningGenerations::AdjoiningGenerations(ReservedSpace, GenerationSizer*, unsigned long)+0x39a
V  [libjvm.so+0x94ec56]  ParallelScavengeHeap::initialize()+0x1d6
V  [libjvm.so+0xa979f3]  Universe::initialize_heap()+0xf3
V  [libjvm.so+0xa97f5e]  universe_init()+0x3e
V  [libjvm.so+0x641fb5]  init_globals()+0x65
V  [libjvm.so+0xa7c5ae]  Threads::create_vm(JavaVMInitArgs*, bool*)+0x23e
V  [libjvm.so+0x6d6c24]  JNI_CreateJavaVM+0x74
C  [libjli.so+0x797e]  JavaMain+0x9e
C  [libpthread.so.0+0x8184]  start_thread+0xc4


---------------  P R O C E S S  ---------------

Java Threads: ( => current thread )

Other Threads:

=>0x00007f29b000a800 (exited) JavaThread "Unknown thread" [_thread_in_vm, id=10456, stack(0x00007f29b823a000,0x00007f29b833b000)]

VM state:not at safepoint (not fully initialized)

VM Mutex/Monitor currently owned by a thread: None

GC Heap History (0 events):
No events

Deoptimization events (0 events):
No events

Classes redefined (0 events):
No events

Internal exceptions (0 events):
No events

Events (0 events):
No events


Dynamic libraries:
00400000-00401000 r-xp 00000000 08:01 4856082                            /opt/java/jdk1.8.0_161/bin/java
00600000-00601000 rw-p 00000000 08:01 4856082                            /opt/java/jdk1.8.0_161/bin/java
021c0000-021e1000 rw-p 00000000 00:00 0                                  [heap]
8a900000-d7200000 ---p 00000000 00:00 0 
d7200000-d9b00000 rw-p 00000000 00:00 0 
d9b00000-100000000 ---p 00000000 00:00 0 
7f29a1000000-7f29a1270000 rwxp 00000000 00:00 0 
7f29a1270000-7f29b0000000 ---p 00000000 00:00 0 
7f29b0000000-7f29b0033000 rw-p 00000000 00:00 0 
7f29b0033000-7f29b4000000 ---p 00000000 00:00 0 
7f29b4981000-7f29b4c09000 rw-p 00000000 00:00 0 
7f29b4c09000-7f29b4e97000 ---p 00000000 00:00 0 
7f29b4e97000-7f29b4eac000 rw-p 00000000 00:00 0 
7f29b4eac000-7f29b4fde000 ---p 00000000 00:00 0 
7f29b4fde000-7f29b4fe9000 rw-p 00000000 00:00 0 
7f29b4fe9000-7f29b539f000 ---p 00000000 00:00 0 
7f29b539f000-7f29b53ba000 r-xp 00000000 08:01 5119885                    /opt/java/jdk1.8.0_161/jre/lib/amd64/libzip.so
7f29b53ba000-7f29b55ba000 ---p 0001b000 08:01 5119885                    /opt/java/jdk1.8.0_161/jre/lib/amd64/libzip.so
7f29b55ba000-7f29b55bb000 rw-p 0001b000 08:01 5119885                    /opt/java/jdk1.8.0_161/jre/lib/amd64/libzip.so
7f29b55bb000-7f29b55c5000 r-xp 00000000 08:01 3672526                    /lib/x86_64-linux-gnu/libnss_files-2.19.so
7f29b55c5000-7f29b57c4000 ---p 0000a000 08:01 3672526                    /lib/x86_64-linux-gnu/libnss_files-2.19.so
7f29b57c4000-7f29b57c5000 r--p 00009000 08:01 3672526                    /lib/x86_64-linux-gnu/libnss_files-2.19.so
7f29b57c5000-7f29b57c6000 rw-p 0000a000 08:01 3672526                    /lib/x86_64-linux-gnu/libnss_files-2.19.so
7f29b57c6000-7f29b57d1000 r-xp 00000000 08:01 3672530                    /lib/x86_64-linux-gnu/libnss_nis-2.19.so
7f29b57d1000-7f29b59d0000 ---p 0000b000 08:01 3672530                    /lib/x86_64-linux-gnu/libnss_nis-2.19.so
7f29b59d0000-7f29b59d1000 r--p 0000a000 08:01 3672530                    /lib/x86_64-linux-gnu/libnss_nis-2.19.so
7f29b59d1000-7f29b59d2000 rw-p 0000b000 08:01 3672530                    /lib/x86_64-linux-gnu/libnss_nis-2.19.so
7f29b59d2000-7f29b59e9000 r-xp 00000000 08:01 3672543                    /lib/x86_64-linux-gnu/libnsl-2.19.so
7f29b59e9000-7f29b5be8000 ---p 00017000 08:01 3672543                    /lib/x86_64-linux-gnu/libnsl-2.19.so
7f29b5be8000-7f29b5be9000 r--p 00016000 08:01 3672543                    /lib/x86_64-linux-gnu/libnsl-2.19.so
7f29b5be9000-7f29b5bea000 rw-p 00017000 08:01 3672543                    /lib/x86_64-linux-gnu/libnsl-2.19.so
7f29b5bea000-7f29b5bec000 rw-p 00000000 00:00 0 
7f29b5bec000-7f29b5bf5000 r-xp 00000000 08:01 3672532                    /lib/x86_64-linux-gnu/libnss_compat-2.19.so
7f29b5bf5000-7f29b5df4000 ---p 00009000 08:01 3672532                    /lib/x86_64-linux-gnu/libnss_compat-2.19.so
7f29b5df4000-7f29b5df5000 r--p 00008000 08:01 3672532                    /lib/x86_64-linux-gnu/libnss_compat-2.19.so
7f29b5df5000-7f29b5df6000 rw-p 00009000 08:01 3672532                    /lib/x86_64-linux-gnu/libnss_compat-2.19.so
7f29b5df6000-7f29b5e21000 r-xp 00000000 08:01 5119879                    /opt/java/jdk1.8.0_161/jre/lib/amd64/libjava.so
7f29b5e21000-7f29b6020000 ---p 0002b000 08:01 5119879                    /opt/java/jdk1.8.0_161/jre/lib/amd64/libjava.so
7f29b6020000-7f29b6022000 rw-p 0002a000 08:01 5119879                    /opt/java/jdk1.8.0_161/jre/lib/amd64/libjava.so
7f29b6022000-7f29b602f000 r-xp 00000000 08:01 5119884                    /opt/java/jdk1.8.0_161/jre/lib/amd64/libverify.so
7f29b602f000-7f29b622f000 ---p 0000d000 08:01 5119884                    /opt/java/jdk1.8.0_161/jre/lib/amd64/libverify.so
7f29b622f000-7f29b6231000 rw-p 0000d000 08:01 5119884                    /opt/java/jdk1.8.0_161/jre/lib/amd64/libverify.so
7f29b6231000-7f29b6238000 r-xp 00000000 08:01 3672541                    /lib/x86_64-linux-gnu/librt-2.19.so
7f29b6238000-7f29b6437000 ---p 00007000 08:01 3672541                    /lib/x86_64-linux-gnu/librt-2.19.so
7f29b6437000-7f29b6438000 r--p 00006000 08:01 3672541                    /lib/x86_64-linux-gnu/librt-2.19.so
7f29b6438000-7f29b6439000 rw-p 00007000 08:01 3672541                    /lib/x86_64-linux-gnu/librt-2.19.so
7f29b6439000-7f29b653e000 r-xp 00000000 08:01 3672534                    /lib/x86_64-linux-gnu/libm-2.19.so
7f29b653e000-7f29b673d000 ---p 00105000 08:01 3672534                    /lib/x86_64-linux-gnu/libm-2.19.so
7f29b673d000-7f29b673e000 r--p 00104000 08:01 3672534                    /lib/x86_64-linux-gnu/libm-2.19.so
7f29b673e000-7f29b673f000 rw-p 00105000 08:01 3672534                    /lib/x86_64-linux-gnu/libm-2.19.so
7f29b673f000-7f29b7418000 r-xp 00000000 08:01 5119862                    /opt/java/jdk1.8.0_161/jre/lib/amd64/server/libjvm.so
7f29b7418000-7f29b7617000 ---p 00cd9000 08:01 5119862                    /opt/java/jdk1.8.0_161/jre/lib/amd64/server/libjvm.so
7f29b7617000-7f29b76f0000 rw-p 00cd8000 08:01 5119862                    /opt/java/jdk1.8.0_161/jre/lib/amd64/server/libjvm.so
7f29b76f0000-7f29b773c000 rw-p 00000000 00:00 0 
7f29b773c000-7f29b78fa000 r-xp 00000000 08:01 3672548                    /lib/x86_64-linux-gnu/libc-2.19.so
7f29b78fa000-7f29b7afa000 ---p 001be000 08:01 3672548                    /lib/x86_64-linux-gnu/libc-2.19.so
7f29b7afa000-7f29b7afe000 r--p 001be000 08:01 3672548                    /lib/x86_64-linux-gnu/libc-2.19.so
7f29b7afe000-7f29b7b00000 rw-p 001c2000 08:01 3672548                    /lib/x86_64-linux-gnu/libc-2.19.so
7f29b7b00000-7f29b7b05000 rw-p 00000000 00:00 0 
7f29b7b05000-7f29b7b08000 r-xp 00000000 08:01 3672544                    /lib/x86_64-linux-gnu/libdl-2.19.so
7f29b7b08000-7f29b7d07000 ---p 00003000 08:01 3672544                    /lib/x86_64-linux-gnu/libdl-2.19.so
7f29b7d07000-7f29b7d08000 r--p 00002000 08:01 3672544                    /lib/x86_64-linux-gnu/libdl-2.19.so
7f29b7d08000-7f29b7d09000 rw-p 00003000 08:01 3672544                    /lib/x86_64-linux-gnu/libdl-2.19.so
7f29b7d09000-7f29b7d1f000 r-xp 00000000 08:01 4991507                    /opt/java/jdk1.8.0_161/lib/amd64/jli/libjli.so
7f29b7d1f000-7f29b7f1e000 ---p 00016000 08:01 4991507                    /opt/java/jdk1.8.0_161/lib/amd64/jli/libjli.so
7f29b7f1e000-7f29b7f1f000 rw-p 00015000 08:01 4991507                    /opt/java/jdk1.8.0_161/lib/amd64/jli/libjli.so
7f29b7f1f000-7f29b7f38000 r-xp 00000000 08:01 3672540                    /lib/x86_64-linux-gnu/libpthread-2.19.so
7f29b7f38000-7f29b8137000 ---p 00019000 08:01 3672540                    /lib/x86_64-linux-gnu/libpthread-2.19.so
7f29b8137000-7f29b8138000 r--p 00018000 08:01 3672540                    /lib/x86_64-linux-gnu/libpthread-2.19.so
7f29b8138000-7f29b8139000 rw-p 00019000 08:01 3672540                    /lib/x86_64-linux-gnu/libpthread-2.19.so
7f29b8139000-7f29b813d000 rw-p 00000000 00:00 0 
7f29b813d000-7f29b8160000 r-xp 00000000 08:01 3672537                    /lib/x86_64-linux-gnu/ld-2.19.so
7f29b823a000-7f29b823d000 ---p 00000000 00:00 0 
7f29b823d000-7f29b8340000 rw-p 00000000 00:00 0                          [stack:10456]
7f29b8352000-7f29b8355000 rw-p 00000000 00:00 0 
7f29b8355000-7f29b835d000 rw-s 00000000 08:01 664416                     /tmp/hsperfdata_damians/10450
7f29b835d000-7f29b835e000 rw-p 00000000 00:00 0 
7f29b835e000-7f29b835f000 r--p 00000000 00:00 0 
7f29b835f000-7f29b8360000 r--p 00022000 08:01 3672537                    /lib/x86_64-linux-gnu/ld-2.19.so
7f29b8360000-7f29b8361000 rw-p 00023000 08:01 3672537                    /lib/x86_64-linux-gnu/ld-2.19.so
7f29b8361000-7f29b8362000 rw-p 00000000 00:00 0 
7fff9fb63000-7fff9fb84000 rw-p 00000000 00:00 0                          [stack]
7fff9fbfe000-7fff9fc00000 r-xp 00000000 00:00 0                          [vdso]
ffffffffff600000-ffffffffff601000 r-xp 00000000 00:00 0                  [vsyscall]

VM Arguments:
jvm_args: -Dfile.encoding=UTF-8 
java_command: coreJava.Palindrome
java_class_path (initial): /opt/java/jdk1.8.0_161/jre/lib/resources.jar:/opt/java/jdk1.8.0_161/jre/lib/rt.jar:/opt/java/jdk1.8.0_161/jre/lib/jsse.jar:/opt/java/jdk1.8.0_161/jre/lib/jce.jar:/opt/java/jdk1.8.0_161/jre/lib/charsets.jar:/opt/java/jdk1.8.0_161/jre/lib/jfr.jar:/opt/java/jdk1.8.0_161/jre/lib/ext/nashorn.jar:/opt/java/jdk1.8.0_161/jre/lib/ext/zipfs.jar:/opt/java/jdk1.8.0_161/jre/lib/ext/dnsns.jar:/opt/java/jdk1.8.0_161/jre/lib/ext/jaccess.jar:/opt/java/jdk1.8.0_161/jre/lib/ext/localedata.jar:/opt/java/jdk1.8.0_161/jre/lib/ext/sunpkcs11.jar:/opt/java/jdk1.8.0_161/jre/lib/ext/jfxrt.jar:/opt/java/jdk1.8.0_161/jre/lib/ext/cldrdata.jar:/opt/java/jdk1.8.0_161/jre/lib/ext/sunjce_provider.jar:/opt/java/jdk1.8.0_161/jre/lib/ext/sunec.jar:/media/damians/4608C1CB08C1BA67/workspace/coreJava/bin
Launcher Type: SUN_STANDARD

Environment Variables:
PATH=/usr/local/sbin:/usr/local/bin:/usr/sbin:/usr/bin:/sbin:/bin:/usr/games:/usr/local/games
USERNAME=damians
SHELL=/bin/bash
DISPLAY=:0.0

Signal Handlers:
SIGSEGV: [libjvm.so+0xad01e0], sa_mask[0]=11111111011111111101111111111110, sa_flags=SA_RESTART|SA_SIGINFO
SIGBUS: [libjvm.so+0xad01e0], sa_mask[0]=11111111011111111101111111111110, sa_flags=SA_RESTART|SA_SIGINFO
SIGFPE: [libjvm.so+0x927fb0], sa_mask[0]=11111111011111111101111111111110, sa_flags=SA_RESTART|SA_SIGINFO
SIGPIPE: [libjvm.so+0x927fb0], sa_mask[0]=11111111011111111101111111111110, sa_flags=SA_RESTART|SA_SIGINFO
SIGXFSZ: [libjvm.so+0x927fb0], sa_mask[0]=11111111011111111101111111111110, sa_flags=SA_RESTART|SA_SIGINFO
SIGILL: [libjvm.so+0x927fb0], sa_mask[0]=11111111011111111101111111111110, sa_flags=SA_RESTART|SA_SIGINFO
SIGUSR1: SIG_DFL, sa_mask[0]=00000000000000000000000000000000, sa_flags=none
SIGUSR2: [libjvm.so+0x9297f0], sa_mask[0]=00100000000000000000000000000000, sa_flags=SA_RESTART|SA_SIGINFO
SIGHUP: SIG_DFL, sa_mask[0]=00000000000000000000000000000000, sa_flags=none
SIGINT: SIG_DFL, sa_mask[0]=00000000000000000000000000000000, sa_flags=none
SIGTERM: SIG_DFL, sa_mask[0]=00000000000000000000000000000000, sa_flags=none
SIGQUIT: SIG_DFL, sa_mask[0]=00000000000000000000000000000000, sa_flags=none


---------------  S Y S T E M  ---------------

OS:DISTRIB_ID=LinuxMint
DISTRIB_RELEASE=17
DISTRIB_CODENAME=qiana
DISTRIB_DESCRIPTION="Linux Mint 17 Qiana"

uname:Linux 3.13.0-24-generic #46-Ubuntu SMP Thu Apr 10 19:11:08 UTC 2014 x86_64
libc:glibc 2.19 NPTL 2.19 
rlimit: STACK 8192k, CORE 0k, NPROC 62520, NOFILE 4096, AS infinity
load average:3.09 2.25 1.91

/proc/meminfo:
MemTotal:        8033776 kB
MemFree:          159576 kB
Buffers:             396 kB
Cached:           522896 kB
SwapCached:            0 kB
Active:          7125336 kB
Inactive:         495392 kB
Active(anon):    7112312 kB
Inactive(anon):   482120 kB
Active(file):      13024 kB
Inactive(file):    13272 kB
Unevictable:          80 kB
Mlocked:              80 kB
SwapTotal:             0 kB
SwapFree:              0 kB
Dirty:               312 kB
Writeback:             0 kB
AnonPages:       7098328 kB
Mapped:           241368 kB
Shmem:            496204 kB
Slab:              77320 kB
SReclaimable:      33996 kB
SUnreclaim:        43324 kB
KernelStack:        6656 kB
PageTables:        70452 kB
NFS_Unstable:          0 kB
Bounce:                0 kB
WritebackTmp:          0 kB
CommitLimit:     4016888 kB
Committed_AS:   10580980 kB
VmallocTotal:   34359738367 kB
VmallocUsed:      356764 kB
VmallocChunk:   34359376800 kB
HardwareCorrupted:     0 kB
AnonHugePages:   1308672 kB
HugePages_Total:       0
HugePages_Free:        0
HugePages_Rsvd:        0
HugePages_Surp:        0
Hugepagesize:       2048 kB
DirectMap4k:      108796 kB
DirectMap2M:     3942400 kB
DirectMap1G:     4194304 kB


CPU:total 4 (initial active 4) (4 cores per cpu, 1 threads per core) family 6 model 60 stepping 3, cmov, cx8, fxsr, mmx, sse, sse2, sse3, ssse3, sse4.1, sse4.2, popcnt, avx, avx2, clmul, erms, lzcnt, tsc, tscinvbit, bmi1, bmi2

/proc/cpuinfo:
processor	: 0
vendor_id	: GenuineIntel
cpu family	: 6
model		: 60
model name	: Intel(R) Core(TM) i5-4460  CPU @ 3.20GHz
stepping	: 3
microcode	: 0x9
cpu MHz		: 3201.000
cache size	: 6144 KB
physical id	: 0
siblings	: 4
core id		: 0
cpu cores	: 4
apicid		: 0
initial apicid	: 0
fpu		: yes
fpu_exception	: yes
cpuid level	: 13
wp		: yes
flags		: fpu vme de pse tsc msr pae mce cx8 apic sep mtrr pge mca cmov pat pse36 clflush dts acpi mmx fxsr sse sse2 ss ht tm pbe syscall nx pdpe1gb rdtscp lm constant_tsc arch_perfmon pebs bts rep_good nopl xtopology nonstop_tsc aperfmperf eagerfpu pni pclmulqdq dtes64 monitor ds_cpl vmx est tm2 ssse3 fma cx16 xtpr pdcm pcid sse4_1 sse4_2 x2apic movbe popcnt tsc_deadline_timer xsave avx f16c rdrand lahf_lm abm ida arat epb xsaveopt pln pts dtherm tpr_shadow vnmi flexpriority ept vpid fsgsbase tsc_adjust bmi1 avx2 smep bmi2 erms invpcid
bogomips	: 6385.30
clflush size	: 64
cache_alignment	: 64
address sizes	: 39 bits physical, 48 bits virtual
power management:

processor	: 1
vendor_id	: GenuineIntel
cpu family	: 6
model		: 60
model name	: Intel(R) Core(TM) i5-4460  CPU @ 3.20GHz
stepping	: 3
microcode	: 0x9
cpu MHz		: 3201.000
cache size	: 6144 KB
physical id	: 0
siblings	: 4
core id		: 1
cpu cores	: 4
apicid		: 2
initial apicid	: 2
fpu		: yes
fpu_exception	: yes
cpuid level	: 13
wp		: yes
flags		: fpu vme de pse tsc msr pae mce cx8 apic sep mtrr pge mca cmov pat pse36 clflush dts acpi mmx fxsr sse sse2 ss ht tm pbe syscall nx pdpe1gb rdtscp lm constant_tsc arch_perfmon pebs bts rep_good nopl xtopology nonstop_tsc aperfmperf eagerfpu pni pclmulqdq dtes64 monitor ds_cpl vmx est tm2 ssse3 fma cx16 xtpr pdcm pcid sse4_1 sse4_2 x2apic movbe popcnt tsc_deadline_timer xsave avx f16c rdrand lahf_lm abm ida arat epb xsaveopt pln pts dtherm tpr_shadow vnmi flexpriority ept vpid fsgsbase tsc_adjust bmi1 avx2 smep bmi2 erms invpcid
bogomips	: 6385.30
clflush size	: 64
cache_alignment	: 64
address sizes	: 39 bits physical, 48 bits virtual
power management:

processor	: 2
vendor_id	: GenuineIntel
cpu family	: 6
model		: 60
model name	: Intel(R) Core(TM) i5-4460  CPU @ 3.20GHz
stepping	: 3
microcode	: 0x9
cpu MHz		: 3201.000
cache size	: 6144 KB
physical id	: 0
siblings	: 4
core id		: 2
cpu cores	: 4
apicid		: 4
initial apicid	: 4
fpu		: yes
fpu_exception	: yes
cpuid level	: 13
wp		: yes
flags		: fpu vme de pse tsc msr pae mce cx8 apic sep mtrr pge mca cmov pat pse36 clflush dts acpi mmx fxsr sse sse2 ss ht tm pbe syscall nx pdpe1gb rdtscp lm constant_tsc arch_perfmon pebs bts rep_good nopl xtopology nonstop_tsc aperfmperf eagerfpu pni pclmulqdq dtes64 monitor ds_cpl vmx est tm2 ssse3 fma cx16 xtpr pdcm pcid sse4_1 sse4_2 x2apic movbe popcnt tsc_deadline_timer xsave avx f16c rdrand lahf_lm abm ida arat epb xsaveopt pln pts dtherm tpr_shadow vnmi flexpriority ept vpid fsgsbase tsc_adjust bmi1 avx2 smep bmi2 erms invpcid
bogomips	: 6385.30
clflush size	: 64
cache_alignment	: 64
address sizes	: 39 bits physical, 48 bits virtual
power management:

processor	: 3
vendor_id	: GenuineIntel
cpu family	: 6
model		: 60
model name	: Intel(R) Core(TM) i5-4460  CPU @ 3.20GHz
stepping	: 3
microcode	: 0x9
cpu MHz		: 2200.000
cache size	: 6144 KB
physical id	: 0
siblings	: 4
core id		: 3
cpu cores	: 4
apicid		: 6
initial apicid	: 6
fpu		: yes
fpu_exception	: yes
cpuid level	: 13
wp		: yes
flags		: fpu vme de pse tsc msr pae mce cx8 apic sep mtrr pge mca cmov pat pse36 clflush dts acpi mmx fxsr sse sse2 ss ht tm pbe syscall nx pdpe1gb rdtscp lm constant_tsc arch_perfmon pebs bts rep_good nopl xtopology nonstop_tsc aperfmperf eagerfpu pni pclmulqdq dtes64 monitor ds_cpl vmx est tm2 ssse3 fma cx16 xtpr pdcm pcid sse4_1 sse4_2 x2apic movbe popcnt tsc_deadline_timer xsave avx f16c rdrand lahf_lm abm ida arat epb xsaveopt pln pts dtherm tpr_shadow vnmi flexpriority ept vpid fsgsbase tsc_adjust bmi1 avx2 smep bmi2 erms invpcid
bogomips	: 6385.30
clflush size	: 64
cache_alignment	: 64
address sizes	: 39 bits physical, 48 bits virtual
power management:



Memory: 4k page, physical 8033776k(159152k free), swap 0k(0k free)

vm_info: Java HotSpot(TM) 64-Bit Server VM (25.161-b12) for linux-amd64 JRE (1.8.0_161-b12), built on Dec 19 2017 16:12:43 by "java_re" with gcc 4.3.0 20080428 (Red Hat 4.3.0-8)

time: Tue Jul 31 07:30:48 2018
elapsed time: 9 seconds (0d 0h 0m 9s)

