#
# There is insufficient memory for the Java Runtime Environment to continue.
# Native memory allocation (mmap) failed to map 250085376 bytes for committing reserved memory.
# Possible reasons:
#   The system is out of physical RAM or swap space
#   In 32 bit mode, the process size limit was hit
# Possible solutions:
#   Reduce memory load on the system
#   Increase physical memory or swap space
#   Check if swap backing store is full
#   Use 64 bit Java on a 64 bit OS
#   Decrease Java heap size (-Xmx/-Xms)
#   Decrease number of Java threads
#   Decrease Java thread stack sizes (-Xss)
#   Set larger code cache with -XX:ReservedCodeCacheSize=
# This output file may be truncated or incomplete.
#
#  Out of Memory Error (os_linux.cpp:2640), pid=12899, tid=0x00007f2844964700
#
# JRE version: Java(TM) SE Runtime Environment (8.0_161-b12) (build 1.8.0_161-b12)
# Java VM: Java HotSpot(TM) 64-Bit Server VM (25.161-b12 mixed mode linux-amd64 compressed oops)
# Failed to write core dump. Core dumps have been disabled. To enable core dumping, try "ulimit -c unlimited" before starting Java again
#

---------------  T H R E A D  ---------------

Current thread (0x00007f2858078800):  VMThread [stack: 0x00007f2844864000,0x00007f2844965000] [id=12910]

Stack: [0x00007f2844864000,0x00007f2844965000],  sp=0x00007f2844962f60,  free space=1019k
Native frames: (J=compiled Java code, j=interpreted, Vv=VM code, C=native code)
V  [libjvm.so+0xacf94a]  VMError::report_and_die()+0x2ba
V  [libjvm.so+0x50050b]  report_vm_out_of_memory(char const*, int, unsigned long, VMErrorType, char const*)+0x8b
V  [libjvm.so+0x92b133]  os::Linux::commit_memory_impl(char*, unsigned long, bool)+0x103
V  [libjvm.so+0x92b5c9]  os::pd_commit_memory(char*, unsigned long, unsigned long, bool)+0x29
V  [libjvm.so+0x924c0a]  os::commit_memory(char*, unsigned long, unsigned long, bool)+0x2a
V  [libjvm.so+0x99ab53]  PSVirtualSpace::expand_by(unsigned long)+0x53
V  [libjvm.so+0x99bf58]  PSYoungGen::resize_generation(unsigned long, unsigned long)+0xf8
V  [libjvm.so+0x99b0b2]  PSYoungGen::resize(unsigned long, unsigned long)+0x22
V  [libjvm.so+0x99838b]  PSScavenge::invoke_no_policy()+0xf3b
V  [libjvm.so+0x998b11]  PSScavenge::invoke()+0x41
V  [libjvm.so+0x94f5a0]  ParallelScavengeHeap::failed_mem_allocate(unsigned long)+0x70
V  [libjvm.so+0xad13c7]  VM_ParallelGCFailedAllocation::doit()+0x97
V  [libjvm.so+0xad8ed5]  VM_Operation::evaluate()+0x55
V  [libjvm.so+0xad729a]  VMThread::evaluate_operation(VM_Operation*)+0xba
V  [libjvm.so+0xad761e]  VMThread::loop()+0x1ce
V  [libjvm.so+0xad7a90]  VMThread::run()+0x70
V  [libjvm.so+0x92da28]  java_start(Thread*)+0x108

VM_Operation (0x00007f28612936f0): ParallelGCFailedAllocation, mode: safepoint, requested by thread 0x00007f285800a800


---------------  P R O C E S S  ---------------

Java Threads: ( => current thread )
  0x00007f28580c1000 JavaThread "Service Thread" daemon [_thread_blocked, id=12917, stack(0x00007f283fbfc000,0x00007f283fcfd000)]
  0x00007f28580be000 JavaThread "C1 CompilerThread2" daemon [_thread_blocked, id=12916, stack(0x00007f283fcfd000,0x00007f283fdfe000)]
  0x00007f28580bc800 JavaThread "C2 CompilerThread1" daemon [_thread_blocked, id=12915, stack(0x00007f283fdfe000,0x00007f283feff000)]
  0x00007f28580b9800 JavaThread "C2 CompilerThread0" daemon [_thread_blocked, id=12914, stack(0x00007f283feff000,0x00007f2840000000)]
  0x00007f28580b8000 JavaThread "Signal Dispatcher" daemon [_thread_blocked, id=12913, stack(0x00007f2844023000,0x00007f2844124000)]
  0x00007f2858085000 JavaThread "Finalizer" daemon [_thread_blocked, id=12912, stack(0x00007f2844662000,0x00007f2844763000)]
  0x00007f2858080000 JavaThread "Reference Handler" daemon [_thread_blocked, id=12911, stack(0x00007f2844763000,0x00007f2844864000)]
  0x00007f285800a800 JavaThread "main" [_thread_blocked, id=12905, stack(0x00007f2861194000,0x00007f2861295000)]

Other Threads:
=>0x00007f2858078800 VMThread [stack: 0x00007f2844864000,0x00007f2844965000] [id=12910]
  0x00007f28580c6000 WatcherThread [stack: 0x00007f283fafb000,0x00007f283fbfc000] [id=12918]

VM state:at safepoint (normal execution)

VM Mutex/Monitor currently owned by a thread:  ([mutex/lock_event])
[0x00007f2858006fc0] Threads_lock - owner thread: 0x00007f2858078800
[0x00007f28580074c0] Heap_lock - owner thread: 0x00007f285800a800

Heap:
 PSYoungGen      total 407552K, used 380K [0x00000000d7200000, 0x00000000f0100000, 0x0000000100000000)
  eden space 406528K, 0% used [0x00000000d7200000,0x00000000d7200000,0x00000000eff00000)
  from space 1024K, 37% used [0x00000000eff00000,0x00000000eff5f350,0x00000000f0000000)
  to   space 1024K, 0% used [0x00000000f0000000,0x00000000f0000000,0x00000000f0100000)
 ParOldGen       total 84992K, used 404K [0x0000000085600000, 0x000000008a900000, 0x00000000d7200000)
  object space 84992K, 0% used [0x0000000085600000,0x0000000085665060,0x000000008a900000)
 Metaspace       used 2780K, capacity 4502K, committed 4864K, reserved 1056768K
  class space    used 300K, capacity 390K, committed 512K, reserved 1048576K

Card table byte_map: [0x00007f285db63000,0x00007f285df39000] byte_map_base: 0x00007f285d738000

Marking Bits: (ParMarkBitMap*) 0x00007f2860668920
 Begin Bits: [0x00007f28452b0000, 0x00007f2847158000)
 End Bits:   [0x00007f2847158000, 0x00007f2849000000)

Polling page: 0x00007f28612b8000

CodeCache: size=245760Kb used=1160Kb max_used=1173Kb free=244599Kb
 bounds [0x00007f2849000000, 0x00007f2849270000, 0x00007f2858000000]
 total_blobs=288 nmethods=58 adapters=144
 compilation: enabled

Compilation events (10 events):
Event: 1,238 Thread 0x00007f28580b9800   54       4       java.util.Arrays::copyOfRange (63 bytes)
Event: 1,240 Thread 0x00007f28580b9800 nmethod 54 0x00007f2849123490 code [0x00007f28491235e0, 0x00007f28491237f8]
Event: 1,241 Thread 0x00007f28580b9800   55       4       java.lang.String::<init> (82 bytes)
Event: 1,245 Thread 0x00007f28580b9800 nmethod 55 0x00007f2849123950 code [0x00007f2849123ac0, 0x00007f2849123dd8]
Event: 1,346 Thread 0x00007f28580bc800   56       4       java.lang.StringBuilder::toString (17 bytes)
Event: 1,377 Thread 0x00007f28580bc800 nmethod 56 0x00007f2849123fd0 code [0x00007f2849124140, 0x00007f28491244d8]
Event: 1,406 Thread 0x00007f28580b9800   57       4       java.lang.String::valueOf (14 bytes)
Event: 1,418 Thread 0x00007f28580bc800   58       4       java.lang.StringBuilder::<init> (18 bytes)
Event: 1,442 Thread 0x00007f28580b9800 nmethod 57 0x00007f284911f310 code [0x00007f284911f460, 0x00007f284911f4d8]
Event: 1,449 Thread 0x00007f28580bc800 nmethod 58 0x00007f28491202d0 code [0x00007f2849120440, 0x00007f2849120968]

GC Heap History (10 events):
Event: 1,000 GC heap after
Heap after GC invocations=6 (full 0):
 PSYoungGen      total 128000K, used 562K [0x00000000d7200000, 0x00000000df000000, 0x0000000100000000)
  eden space 126976K, 0% used [0x00000000d7200000,0x00000000d7200000,0x00000000dee00000)
  from space 1024K, 54% used [0x00000000def00000,0x00000000def8cbe0,0x00000000df000000)
  to   space 1024K, 0% used [0x00000000dee00000,0x00000000dee00000,0x00000000def00000)
 ParOldGen       total 84992K, used 8K [0x0000000085600000, 0x000000008a900000, 0x00000000d7200000)
  object space 84992K, 0% used [0x0000000085600000,0x0000000085602000,0x000000008a900000)
 Metaspace       used 2780K, capacity 4502K, committed 4864K, reserved 1056768K
  class space    used 300K, capacity 390K, committed 512K, reserved 1048576K
}
Event: 1,164 GC heap before
{Heap before GC invocations=7 (full 0):
 PSYoungGen      total 128000K, used 127538K [0x00000000d7200000, 0x00000000df000000, 0x0000000100000000)
  eden space 126976K, 100% used [0x00000000d7200000,0x00000000dee00000,0x00000000dee00000)
  from space 1024K, 54% used [0x00000000def00000,0x00000000def8cbe0,0x00000000df000000)
  to   space 1024K, 0% used [0x00000000dee00000,0x00000000dee00000,0x00000000def00000)
 ParOldGen       total 84992K, used 8K [0x0000000085600000, 0x000000008a900000, 0x00000000d7200000)
  object space 84992K, 0% used [0x0000000085600000,0x0000000085602000,0x000000008a900000)
 Metaspace       used 2780K, capacity 4502K, committed 4864K, reserved 1056768K
  class space    used 300K, capacity 390K, committed 512K, reserved 1048576K
Event: 1,166 GC heap after
Heap after GC invocations=7 (full 0):
 PSYoungGen      total 128000K, used 122K [0x00000000d7200000, 0x00000000e6c00000, 0x0000000100000000)
  eden space 126976K, 0% used [0x00000000d7200000,0x00000000d7200000,0x00000000dee00000)
  from space 1024K, 11% used [0x00000000dee00000,0x00000000dee1e860,0x00000000def00000)
  to   space 1024K, 0% used [0x00000000e6b00000,0x00000000e6b00000,0x00000000e6c00000)
 ParOldGen       total 84992K, used 388K [0x0000000085600000, 0x000000008a900000, 0x00000000d7200000)
  object space 84992K, 0% used [0x0000000085600000,0x0000000085661060,0x000000008a900000)
 Metaspace       used 2780K, capacity 4502K, committed 4864K, reserved 1056768K
  class space    used 300K, capacity 390K, committed 512K, reserved 1048576K
}
Event: 1,289 GC heap before
{Heap before GC invocations=8 (full 0):
 PSYoungGen      total 128000K, used 127007K [0x00000000d7200000, 0x00000000e6c00000, 0x0000000100000000)
  eden space 126976K, 99% used [0x00000000d7200000,0x00000000dede93e0,0x00000000dee00000)
  from space 1024K, 11% used [0x00000000dee00000,0x00000000dee1e860,0x00000000def00000)
  to   space 1024K, 0% used [0x00000000e6b00000,0x00000000e6b00000,0x00000000e6c00000)
 ParOldGen       total 84992K, used 388K [0x0000000085600000, 0x000000008a900000, 0x00000000d7200000)
  object space 84992K, 0% used [0x0000000085600000,0x0000000085661060,0x000000008a900000)
 Metaspace       used 2780K, capacity 4502K, committed 4864K, reserved 1056768K
  class space    used 300K, capacity 390K, committed 512K, reserved 1048576K
Event: 1,290 GC heap after
Heap after GC invocations=8 (full 0):
 PSYoungGen      total 254976K, used 272K [0x00000000d7200000, 0x00000000e6c00000, 0x0000000100000000)
  eden space 253952K, 0% used [0x00000000d7200000,0x00000000d7200000,0x00000000e6a00000)
  from space 1024K, 26% used [0x00000000e6b00000,0x00000000e6b440c0,0x00000000e6c00000)
  to   space 1024K, 0% used [0x00000000e6a00000,0x00000000e6a00000,0x00000000e6b00000)
 ParOldGen       total 84992K, used 396K [0x0000000085600000, 0x000000008a900000, 0x00000000d7200000)
  object space 84992K, 0% used [0x0000000085600000,0x0000000085663060,0x000000008a900000)
 Metaspace       used 2780K, capacity 4502K, committed 4864K, reserved 1056768K
  class space    used 300K, capacity 390K, committed 512K, reserved 1048576K
}
Event: 1,605 GC heap before
{Heap before GC invocations=9 (full 0):
 PSYoungGen      total 254976K, used 254189K [0x00000000d7200000, 0x00000000e6c00000, 0x0000000100000000)
  eden space 253952K, 99% used [0x00000000d7200000,0x00000000e69f7520,0x00000000e6a00000)
  from space 1024K, 26% used [0x00000000e6b00000,0x00000000e6b440c0,0x00000000e6c00000)
  to   space 1024K, 0% used [0x00000000e6a00000,0x00000000e6a00000,0x00000000e6b00000)
 ParOldGen       total 84992K, used 396K [0x0000000085600000, 0x000000008a900000, 0x00000000d7200000)
  object space 84992K, 0% used [0x0000000085600000,0x0000000085663060,0x000000008a900000)
 Metaspace       used 2780K, capacity 4502K, committed 4864K, reserved 1056768K
  class space    used 300K, capacity 390K, committed 512K, reserved 1048576K
Event: 1,607 GC heap after
Heap after GC invocations=9 (full 0):
 PSYoungGen      total 254976K, used 159K [0x00000000d7200000, 0x00000000f0100000, 0x0000000100000000)
  eden space 253952K, 0% used [0x00000000d7200000,0x00000000d7200000,0x00000000e6a00000)
  from space 1024K, 15% used [0x00000000e6a00000,0x00000000e6a27e40,0x00000000e6b00000)
  to   space 1024K, 0% used [0x00000000f0000000,0x00000000f0000000,0x00000000f0100000)
 ParOldGen       total 84992K, used 396K [0x0000000085600000, 0x000000008a900000, 0x00000000d7200000)
  object space 84992K, 0% used [0x0000000085600000,0x0000000085663060,0x000000008a900000)
 Metaspace       used 2780K, capacity 4502K, committed 4864K, reserved 1056768K
  class space    used 300K, capacity 390K, committed 512K, reserved 1048576K
}
Event: 1,720 GC heap before
{Heap before GC invocations=10 (full 0):
 PSYoungGen      total 254976K, used 253992K [0x00000000d7200000, 0x00000000f0100000, 0x0000000100000000)
  eden space 253952K, 99% used [0x00000000d7200000,0x00000000e69e2240,0x00000000e6a00000)
  from space 1024K, 15% used [0x00000000e6a00000,0x00000000e6a27e40,0x00000000e6b00000)
  to   space 1024K, 0% used [0x00000000f0000000,0x00000000f0000000,0x00000000f0100000)
 ParOldGen       total 84992K, used 396K [0x0000000085600000, 0x000000008a900000, 0x00000000d7200000)
  object space 84992K, 0% used [0x0000000085600000,0x0000000085663060,0x000000008a900000)
 Metaspace       used 2780K, capacity 4502K, committed 4864K, reserved 1056768K
  class space    used 300K, capacity 390K, committed 512K, reserved 1048576K
Event: 1,722 GC heap after
Heap after GC invocations=10 (full 0):
 PSYoungGen      total 407552K, used 326K [0x00000000d7200000, 0x00000000f0100000, 0x0000000100000000)
  eden space 406528K, 0% used [0x00000000d7200000,0x00000000d7200000,0x00000000eff00000)
  from space 1024K, 31% used [0x00000000f0000000,0x00000000f0051af0,0x00000000f0100000)
  to   space 1024K, 0% used [0x00000000eff00000,0x00000000eff00000,0x00000000f0000000)
 ParOldGen       total 84992K, used 404K [0x0000000085600000, 0x000000008a900000, 0x00000000d7200000)
  object space 84992K, 0% used [0x0000000085600000,0x0000000085665060,0x000000008a900000)
 Metaspace       used 2780K, capacity 4502K, committed 4864K, reserved 1056768K
  class space    used 300K, capacity 390K, committed 512K, reserved 1048576K
}
Event: 2,301 GC heap before
{Heap before GC invocations=11 (full 0):
 PSYoungGen      total 407552K, used 406805K [0x00000000d7200000, 0x00000000f0100000, 0x0000000100000000)
  eden space 406528K, 99% used [0x00000000d7200000,0x00000000efef3c28,0x00000000eff00000)
  from space 1024K, 31% used [0x00000000f0000000,0x00000000f0051af0,0x00000000f0100000)
  to   space 1024K, 0% used [0x00000000eff00000,0x00000000eff00000,0x00000000f0000000)
 ParOldGen       total 84992K, used 404K [0x0000000085600000, 0x000000008a900000, 0x00000000d7200000)
  object space 84992K, 0% used [0x0000000085600000,0x0000000085665060,0x000000008a900000)
 Metaspace       used 2780K, capacity 4502K, committed 4864K, reserved 1056768K
  class space    used 300K, capacity 390K, committed 512K, reserved 1048576K

Deoptimization events (0 events):
No events

Classes redefined (0 events):
No events

Internal exceptions (2 events):
Event: 0,243 Thread 0x00007f285800a800 Exception <a 'java/lang/NoSuchMethodError': Method sun.misc.Unsafe.defineClass(Ljava/lang/String;[BII)Ljava/lang/Class; name or signature does not match> (0x00000000d7207ca0) thrown at [/HUDSON/workspace/8-2-build-linux-amd64/jdk8u161/10277/hotspot/src/sh
Event: 0,243 Thread 0x00007f285800a800 Exception <a 'java/lang/NoSuchMethodError': Method sun.misc.Unsafe.prefetchRead(Ljava/lang/Object;J)V name or signature does not match> (0x00000000d7207f88) thrown at [/HUDSON/workspace/8-2-build-linux-amd64/jdk8u161/10277/hotspot/src/share/vm/prims/jni.c

Events (10 events):
Event: 1,001 Executing VM operation: ParallelGCFailedAllocation done
Event: 1,164 Executing VM operation: ParallelGCFailedAllocation
Event: 1,166 Executing VM operation: ParallelGCFailedAllocation done
Event: 1,289 Executing VM operation: ParallelGCFailedAllocation
Event: 1,291 Executing VM operation: ParallelGCFailedAllocation done
Event: 1,605 Executing VM operation: ParallelGCFailedAllocation
Event: 1,607 Executing VM operation: ParallelGCFailedAllocation done
Event: 1,720 Executing VM operation: ParallelGCFailedAllocation
Event: 1,722 Executing VM operation: ParallelGCFailedAllocation done
Event: 2,301 Executing VM operation: ParallelGCFailedAllocation


Dynamic libraries:
00400000-00401000 r-xp 00000000 08:01 4856082                            /opt/java/jdk1.8.0_161/bin/java
00600000-00601000 rw-p 00000000 08:01 4856082                            /opt/java/jdk1.8.0_161/bin/java
01707000-01728000 rw-p 00000000 00:00 0                                  [heap]
85600000-8a900000 rw-p 00000000 00:00 0 
8a900000-d7200000 ---p 00000000 00:00 0 
d7200000-f0100000 rw-p 00000000 00:00 0 
fef80000-100000000 ---p 00000000 00:00 0 
100000000-100080000 rw-p 00000000 00:00 0 
100080000-140000000 ---p 00000000 00:00 0 
7f2808000000-7f2808021000 rw-p 00000000 00:00 0 
7f2808021000-7f280c000000 ---p 00000000 00:00 0 
7f280c000000-7f280c021000 rw-p 00000000 00:00 0 
7f280c021000-7f2810000000 ---p 00000000 00:00 0 
7f2810000000-7f281003b000 rw-p 00000000 00:00 0 
7f281003b000-7f2814000000 ---p 00000000 00:00 0 
7f2814000000-7f2814047000 rw-p 00000000 00:00 0 
7f2814047000-7f2818000000 ---p 00000000 00:00 0 
7f2818000000-7f2818021000 rw-p 00000000 00:00 0 
7f2818021000-7f281c000000 ---p 00000000 00:00 0 
7f281c000000-7f281c0df000 rw-p 00000000 00:00 0 
7f281c0df000-7f2820000000 ---p 00000000 00:00 0 
7f2820000000-7f2820021000 rw-p 00000000 00:00 0 
7f2820021000-7f2824000000 ---p 00000000 00:00 0 
7f2824000000-7f2824021000 rw-p 00000000 00:00 0 
7f2824021000-7f2828000000 ---p 00000000 00:00 0 
7f2828000000-7f2828021000 rw-p 00000000 00:00 0 
7f2828021000-7f282c000000 ---p 00000000 00:00 0 
7f282c000000-7f282c021000 rw-p 00000000 00:00 0 
7f282c021000-7f2830000000 ---p 00000000 00:00 0 
7f2830000000-7f2830021000 rw-p 00000000 00:00 0 
7f2830021000-7f2834000000 ---p 00000000 00:00 0 
7f2838000000-7f2838021000 rw-p 00000000 00:00 0 
7f2838021000-7f283c000000 ---p 00000000 00:00 0 
7f283f7b7000-7f283fa3f000 rw-p 00000000 00:00 0 
7f283fa3f000-7f283fa65000 r--p 00000000 08:01 7346037                    /usr/share/locale-langpack/es/LC_MESSAGES/libc.mo
7f283fa65000-7f283fafb000 r--s 0110a000 08:01 5119739                    /opt/java/jdk1.8.0_161/jre/lib/ext/jfxrt.jar
7f283fafb000-7f283fafc000 ---p 00000000 00:00 0 
7f283fafc000-7f283fbfc000 rw-p 00000000 00:00 0                          [stack:12918]
7f283fbfc000-7f283fbff000 ---p 00000000 00:00 0 
7f283fbff000-7f283fcfd000 rw-p 00000000 00:00 0                          [stack:12917]
7f283fcfd000-7f283fd00000 ---p 00000000 00:00 0 
7f283fd00000-7f283fdfe000 rw-p 00000000 00:00 0                          [stack:12916]
7f283fdfe000-7f283fe01000 ---p 00000000 00:00 0 
7f283fe01000-7f283feff000 rw-p 00000000 00:00 0                          [stack:12915]
7f283feff000-7f283ff02000 ---p 00000000 00:00 0 
7f283ff02000-7f2840000000 rw-p 00000000 00:00 0                          [stack:12914]
7f2840000000-7f2840021000 rw-p 00000000 00:00 0 
7f2840021000-7f2844000000 ---p 00000000 00:00 0 
7f2844023000-7f2844026000 ---p 00000000 00:00 0 
7f2844026000-7f2844124000 rw-p 00000000 00:00 0                          [stack:12913]
7f2844124000-7f2844662000 r--p 00000000 08:01 5378089                    /usr/lib/locale/locale-archive
7f2844662000-7f2844665000 ---p 00000000 00:00 0 
7f2844665000-7f2844763000 rw-p 00000000 00:00 0                          [stack:12912]
7f2844763000-7f2844766000 ---p 00000000 00:00 0 
7f2844766000-7f2844864000 rw-p 00000000 00:00 0                          [stack:12911]
7f2844864000-7f2844865000 ---p 00000000 00:00 0 
7f2844865000-7f2849000000 rw-p 00000000 00:00 0                          [stack:12910]
7f2849000000-7f2849270000 rwxp 00000000 00:00 0 
7f2849270000-7f2858000000 ---p 00000000 00:00 0 
7f2858000000-7f2858115000 rw-p 00000000 00:00 0 
7f2858115000-7f285c000000 ---p 00000000 00:00 0 
7f285c00a000-7f285c011000 r--s 00000000 08:01 5907143                    /usr/lib/x86_64-linux-gnu/gconv/gconv-modules.cache
7f285c011000-7f285c016000 r--s 00084000 08:01 4991593                    /opt/java/jdk1.8.0_161/jre/lib/jfr.jar
7f285c016000-7f285c6ad000 rw-p 00000000 00:00 0 
7f285c6ad000-7f285c886000 r--s 03d64000 08:01 4991635                    /opt/java/jdk1.8.0_161/jre/lib/rt.jar
7f285c886000-7f285cd3c000 rw-p 00000000 00:00 0 
7f285cd3c000-7f285d0fc000 ---p 00000000 00:00 0 
7f285d0fc000-7f285d4d1000 rw-p 00000000 00:00 0 
7f285d4d1000-7f285d4d2000 ---p 00000000 00:00 0 
7f285d4d2000-7f285d5d2000 rw-p 00000000 00:00 0                          [stack:12909]
7f285d5d2000-7f285d5d3000 ---p 00000000 00:00 0 
7f285d5d3000-7f285d6d3000 rw-p 00000000 00:00 0                          [stack:12908]
7f285d6d3000-7f285d6d4000 ---p 00000000 00:00 0 
7f285d6d4000-7f285d7d4000 rw-p 00000000 00:00 0                          [stack:12907]
7f285d7d4000-7f285d7d5000 ---p 00000000 00:00 0 
7f285d7d5000-7f285d8ff000 rw-p 00000000 00:00 0                          [stack:12906]
7f285d8ff000-7f285db63000 ---p 00000000 00:00 0 
7f285db63000-7f285db8d000 rw-p 00000000 00:00 0 
7f285db8d000-7f285ddf1000 ---p 00000000 00:00 0 
7f285ddf1000-7f285deb9000 rw-p 00000000 00:00 0 
7f285deb9000-7f285df38000 ---p 00000000 00:00 0 
7f285df38000-7f285df43000 rw-p 00000000 00:00 0 
7f285df43000-7f285e2f9000 ---p 00000000 00:00 0 
7f285e2f9000-7f285e314000 r-xp 00000000 08:01 5119885                    /opt/java/jdk1.8.0_161/jre/lib/amd64/libzip.so
7f285e314000-7f285e514000 ---p 0001b000 08:01 5119885                    /opt/java/jdk1.8.0_161/jre/lib/amd64/libzip.so
7f285e514000-7f285e515000 rw-p 0001b000 08:01 5119885                    /opt/java/jdk1.8.0_161/jre/lib/amd64/libzip.so
7f285e515000-7f285e51f000 r-xp 00000000 08:01 3672526                    /lib/x86_64-linux-gnu/libnss_files-2.19.so
7f285e51f000-7f285e71e000 ---p 0000a000 08:01 3672526                    /lib/x86_64-linux-gnu/libnss_files-2.19.so
7f285e71e000-7f285e71f000 r--p 00009000 08:01 3672526                    /lib/x86_64-linux-gnu/libnss_files-2.19.so
7f285e71f000-7f285e720000 rw-p 0000a000 08:01 3672526                    /lib/x86_64-linux-gnu/libnss_files-2.19.so
7f285e720000-7f285e72b000 r-xp 00000000 08:01 3672530                    /lib/x86_64-linux-gnu/libnss_nis-2.19.so
7f285e72b000-7f285e92a000 ---p 0000b000 08:01 3672530                    /lib/x86_64-linux-gnu/libnss_nis-2.19.so
7f285e92a000-7f285e92b000 r--p 0000a000 08:01 3672530                    /lib/x86_64-linux-gnu/libnss_nis-2.19.so
7f285e92b000-7f285e92c000 rw-p 0000b000 08:01 3672530                    /lib/x86_64-linux-gnu/libnss_nis-2.19.so
7f285e92c000-7f285e943000 r-xp 00000000 08:01 3672543                    /lib/x86_64-linux-gnu/libnsl-2.19.so
7f285e943000-7f285eb42000 ---p 00017000 08:01 3672543                    /lib/x86_64-linux-gnu/libnsl-2.19.so
7f285eb42000-7f285eb43000 r--p 00016000 08:01 3672543                    /lib/x86_64-linux-gnu/libnsl-2.19.so
7f285eb43000-7f285eb44000 rw-p 00017000 08:01 3672543                    /lib/x86_64-linux-gnu/libnsl-2.19.so
7f285eb44000-7f285eb46000 rw-p 00000000 00:00 0 
7f285eb46000-7f285eb4f000 r-xp 00000000 08:01 3672532                    /lib/x86_64-linux-gnu/libnss_compat-2.19.so
7f285eb4f000-7f285ed4e000 ---p 00009000 08:01 3672532                    /lib/x86_64-linux-gnu/libnss_compat-2.19.so
7f285ed4e000-7f285ed4f000 r--p 00008000 08:01 3672532                    /lib/x86_64-linux-gnu/libnss_compat-2.19.so
7f285ed4f000-7f285ed50000 rw-p 00009000 08:01 3672532                    /lib/x86_64-linux-gnu/libnss_compat-2.19.so
7f285ed50000-7f285ed7b000 r-xp 00000000 08:01 5119879                    /opt/java/jdk1.8.0_161/jre/lib/amd64/libjava.so
7f285ed7b000-7f285ef7a000 ---p 0002b000 08:01 5119879                    /opt/java/jdk1.8.0_161/jre/lib/amd64/libjava.so
7f285ef7a000-7f285ef7c000 rw-p 0002a000 08:01 5119879                    /opt/java/jdk1.8.0_161/jre/lib/amd64/libjava.so
7f285ef7c000-7f285ef89000 r-xp 00000000 08:01 5119884                    /opt/java/jdk1.8.0_161/jre/lib/amd64/libverify.so
7f285ef89000-7f285f189000 ---p 0000d000 08:01 5119884                    /opt/java/jdk1.8.0_161/jre/lib/amd64/libverify.so
7f285f189000-7f285f18b000 rw-p 0000d000 08:01 5119884                    /opt/java/jdk1.8.0_161/jre/lib/amd64/libverify.so
7f285f18b000-7f285f192000 r-xp 00000000 08:01 3672541                    /lib/x86_64-linux-gnu/librt-2.19.so
7f285f192000-7f285f391000 ---p 00007000 08:01 3672541                    /lib/x86_64-linux-gnu/librt-2.19.so
7f285f391000-7f285f392000 r--p 00006000 08:01 3672541                    /lib/x86_64-linux-gnu/librt-2.19.so
7f285f392000-7f285f393000 rw-p 00007000 08:01 3672541                    /lib/x86_64-linux-gnu/librt-2.19.so
7f285f393000-7f285f498000 r-xp 00000000 08:01 3672534                    /lib/x86_64-linux-gnu/libm-2.19.so
7f285f498000-7f285f697000 ---p 00105000 08:01 3672534                    /lib/x86_64-linux-gnu/libm-2.19.so
7f285f697000-7f285f698000 r--p 00104000 08:01 3672534                    /lib/x86_64-linux-gnu/libm-2.19.so
7f285f698000-7f285f699000 rw-p 00105000 08:01 3672534                    /lib/x86_64-linux-gnu/libm-2.19.so
7f285f699000-7f2860372000 r-xp 00000000 08:01 5119862                    /opt/java/jdk1.8.0_161/jre/lib/amd64/server/libjvm.so
7f2860372000-7f2860571000 ---p 00cd9000 08:01 5119862                    /opt/java/jdk1.8.0_161/jre/lib/amd64/server/libjvm.so
7f2860571000-7f286064a000 rw-p 00cd8000 08:01 5119862                    /opt/java/jdk1.8.0_161/jre/lib/amd64/server/libjvm.so
7f286064a000-7f2860696000 rw-p 00000000 00:00 0 
7f2860696000-7f2860854000 r-xp 00000000 08:01 3672548                    /lib/x86_64-linux-gnu/libc-2.19.so
7f2860854000-7f2860a54000 ---p 001be000 08:01 3672548                    /lib/x86_64-linux-gnu/libc-2.19.so
7f2860a54000-7f2860a58000 r--p 001be000 08:01 3672548                    /lib/x86_64-linux-gnu/libc-2.19.so
7f2860a58000-7f2860a5a000 rw-p 001c2000 08:01 3672548                    /lib/x86_64-linux-gnu/libc-2.19.so
7f2860a5a000-7f2860a5f000 rw-p 00000000 00:00 0 
7f2860a5f000-7f2860a62000 r-xp 00000000 08:01 3672544                    /lib/x86_64-linux-gnu/libdl-2.19.so
7f2860a62000-7f2860c61000 ---p 00003000 08:01 3672544                    /lib/x86_64-linux-gnu/libdl-2.19.so
7f2860c61000-7f2860c62000 r--p 00002000 08:01 3672544                    /lib/x86_64-linux-gnu/libdl-2.19.so
7f2860c62000-7f2860c63000 rw-p 00003000 08:01 3672544                    /lib/x86_64-linux-gnu/libdl-2.19.so
7f2860c63000-7f2860c79000 r-xp 00000000 08:01 4991507                    /opt/java/jdk1.8.0_161/lib/amd64/jli/libjli.so
7f2860c79000-7f2860e78000 ---p 00016000 08:01 4991507                    /opt/java/jdk1.8.0_161/lib/amd64/jli/libjli.so
7f2860e78000-7f2860e79000 rw-p 00015000 08:01 4991507                    /opt/java/jdk1.8.0_161/lib/amd64/jli/libjli.so
7f2860e79000-7f2860e92000 r-xp 00000000 08:01 3672540                    /lib/x86_64-linux-gnu/libpthread-2.19.so
7f2860e92000-7f2861091000 ---p 00019000 08:01 3672540                    /lib/x86_64-linux-gnu/libpthread-2.19.so
7f2861091000-7f2861092000 r--p 00018000 08:01 3672540                    /lib/x86_64-linux-gnu/libpthread-2.19.so
7f2861092000-7f2861093000 rw-p 00019000 08:01 3672540                    /lib/x86_64-linux-gnu/libpthread-2.19.so
7f2861093000-7f2861097000 rw-p 00000000 00:00 0 
7f2861097000-7f28610ba000 r-xp 00000000 08:01 3672537                    /lib/x86_64-linux-gnu/ld-2.19.so
7f28610bc000-7f28610c1000 r--s 002f9000 08:01 4991633                    /opt/java/jdk1.8.0_161/jre/lib/charsets.jar
7f28610c1000-7f28610c4000 r--s 0001a000 08:01 4991646                    /opt/java/jdk1.8.0_161/jre/lib/jce.jar
7f28610c4000-7f28610c9000 r--s 0009d000 08:01 4991640                    /opt/java/jdk1.8.0_161/jre/lib/jsse.jar
7f28610c9000-7f2861194000 rw-p 00000000 00:00 0 
7f2861194000-7f2861197000 ---p 00000000 00:00 0 
7f2861197000-7f286129a000 rw-p 00000000 00:00 0                          [stack:12905]
7f286129b000-7f286129c000 rw-p 00000000 00:00 0 
7f286129c000-7f28612af000 r--s 00345000 08:01 4991639                    /opt/java/jdk1.8.0_161/jre/lib/resources.jar
7f28612af000-7f28612b7000 rw-s 00000000 08:01 533806                     /tmp/hsperfdata_damians/12899
7f28612b7000-7f28612b8000 rw-p 00000000 00:00 0 
7f28612b8000-7f28612b9000 ---p 00000000 00:00 0 
7f28612b9000-7f28612ba000 r--p 00022000 08:01 3672537                    /lib/x86_64-linux-gnu/ld-2.19.so
7f28612ba000-7f28612bb000 rw-p 00023000 08:01 3672537                    /lib/x86_64-linux-gnu/ld-2.19.so
7f28612bb000-7f28612bc000 rw-p 00000000 00:00 0 
7fff6bdc3000-7fff6bde4000 rw-p 00000000 00:00 0                          [stack]
7fff6bdfe000-7fff6be00000 r-xp 00000000 00:00 0                          [vdso]
ffffffffff600000-ffffffffff601000 r-xp 00000000 00:00 0                  [vsyscall]

VM Arguments:
jvm_args: -Dfile.encoding=UTF-8 
java_command: coreJava.Main
java_class_path (initial): /opt/java/jdk1.8.0_161/jre/lib/resources.jar:/opt/java/jdk1.8.0_161/jre/lib/rt.jar:/opt/java/jdk1.8.0_161/jre/lib/jsse.jar:/opt/java/jdk1.8.0_161/jre/lib/jce.jar:/opt/java/jdk1.8.0_161/jre/lib/charsets.jar:/opt/java/jdk1.8.0_161/jre/lib/jfr.jar:/opt/java/jdk1.8.0_161/jre/lib/ext/nashorn.jar:/opt/java/jdk1.8.0_161/jre/lib/ext/zipfs.jar:/opt/java/jdk1.8.0_161/jre/lib/ext/dnsns.jar:/opt/java/jdk1.8.0_161/jre/lib/ext/jaccess.jar:/opt/java/jdk1.8.0_161/jre/lib/ext/localedata.jar:/opt/java/jdk1.8.0_161/jre/lib/ext/sunpkcs11.jar:/opt/java/jdk1.8.0_161/jre/lib/ext/jfxrt.jar:/opt/java/jdk1.8.0_161/jre/lib/ext/cldrdata.jar:/opt/java/jdk1.8.0_161/jre/lib/ext/sunjce_provider.jar:/opt/java/jdk1.8.0_161/jre/lib/ext/sunec.jar:/media/damians/4608C1CB08C1BA67/workspace/coreJava/bin
Launcher Type: SUN_STANDARD

Environment Variables:
PATH=/usr/local/sbin:/usr/local/bin:/usr/sbin:/usr/bin:/sbin:/bin:/usr/games:/usr/local/games
USERNAME=damians
SHELL=/bin/bash
DISPLAY=:0.0

Signal Handlers:
SIGSEGV: [libjvm.so+0xad01e0], sa_mask[0]=11111111011111111101111111111110, sa_flags=SA_RESTART|SA_SIGINFO
SIGBUS: [libjvm.so+0xad01e0], sa_mask[0]=11111111011111111101111111111110, sa_flags=SA_RESTART|SA_SIGINFO
SIGFPE: [libjvm.so+0x927fb0], sa_mask[0]=11111111011111111101111111111110, sa_flags=SA_RESTART|SA_SIGINFO
SIGPIPE: [libjvm.so+0x927fb0], sa_mask[0]=11111111011111111101111111111110, sa_flags=SA_RESTART|SA_SIGINFO
SIGXFSZ: [libjvm.so+0x927fb0], sa_mask[0]=11111111011111111101111111111110, sa_flags=SA_RESTART|SA_SIGINFO
SIGILL: [libjvm.so+0x927fb0], sa_mask[0]=11111111011111111101111111111110, sa_flags=SA_RESTART|SA_SIGINFO
SIGUSR1: SIG_DFL, sa_mask[0]=00000000000000000000000000000000, sa_flags=none
SIGUSR2: [libjvm.so+0x9297f0], sa_mask[0]=00100000000000000000000000000000, sa_flags=SA_RESTART|SA_SIGINFO
SIGHUP: [libjvm.so+0x92abf0], sa_mask[0]=11111111011111111101111111111110, sa_flags=SA_RESTART|SA_SIGINFO
SIGINT: [libjvm.so+0x92abf0], sa_mask[0]=11111111011111111101111111111110, sa_flags=SA_RESTART|SA_SIGINFO
SIGTERM: [libjvm.so+0x92abf0], sa_mask[0]=11111111011111111101111111111110, sa_flags=SA_RESTART|SA_SIGINFO
SIGQUIT: [libjvm.so+0x92abf0], sa_mask[0]=11111111011111111101111111111110, sa_flags=SA_RESTART|SA_SIGINFO


---------------  S Y S T E M  ---------------

OS:DISTRIB_ID=LinuxMint
DISTRIB_RELEASE=17
DISTRIB_CODENAME=qiana
DISTRIB_DESCRIPTION="Linux Mint 17 Qiana"

uname:Linux 3.13.0-24-generic #46-Ubuntu SMP Thu Apr 10 19:11:08 UTC 2014 x86_64
libc:glibc 2.19 NPTL 2.19 
rlimit: STACK 8192k, CORE 0k, NPROC 62520, NOFILE 4096, AS infinity
load average:5,60 4,51 2,89

/proc/meminfo:
MemTotal:        8033776 kB
MemFree:          159440 kB
Buffers:             640 kB
Cached:           461468 kB
SwapCached:            0 kB
Active:          7161152 kB
Inactive:         448296 kB
Active(anon):    7149876 kB
Inactive(anon):   415504 kB
Active(file):      11276 kB
Inactive(file):    32792 kB
Unevictable:         112 kB
Mlocked:             112 kB
SwapTotal:             0 kB
SwapFree:              0 kB
Dirty:               452 kB
Writeback:             0 kB
AnonPages:       7147768 kB
Mapped:           204448 kB
Shmem:            417724 kB
Slab:              81088 kB
SReclaimable:      34532 kB
SUnreclaim:        46556 kB
KernelStack:       10752 kB
PageTables:        73588 kB
NFS_Unstable:          0 kB
Bounce:                0 kB
WritebackTmp:          0 kB
CommitLimit:     4016888 kB
Committed_AS:   18066628 kB
VmallocTotal:   34359738367 kB
VmallocUsed:      356764 kB
VmallocChunk:   34359376720 kB
HardwareCorrupted:     0 kB
AnonHugePages:    804864 kB
HugePages_Total:       0
HugePages_Free:        0
HugePages_Rsvd:        0
HugePages_Surp:        0
Hugepagesize:       2048 kB
DirectMap4k:      108796 kB
DirectMap2M:     4990976 kB
DirectMap1G:     3145728 kB


CPU:total 4 (initial active 4) (4 cores per cpu, 1 threads per core) family 6 model 60 stepping 3, cmov, cx8, fxsr, mmx, sse, sse2, sse3, ssse3, sse4.1, sse4.2, popcnt, avx, avx2, clmul, erms, lzcnt, tsc, tscinvbit, bmi1, bmi2

/proc/cpuinfo:
processor	: 0
vendor_id	: GenuineIntel
cpu family	: 6
model		: 60
model name	: Intel(R) Core(TM) i5-4460  CPU @ 3.20GHz
stepping	: 3
microcode	: 0x9
cpu MHz		: 3201.000
cache size	: 6144 KB
physical id	: 0
siblings	: 4
core id		: 0
cpu cores	: 4
apicid		: 0
initial apicid	: 0
fpu		: yes
fpu_exception	: yes
cpuid level	: 13
wp		: yes
flags		: fpu vme de pse tsc msr pae mce cx8 apic sep mtrr pge mca cmov pat pse36 clflush dts acpi mmx fxsr sse sse2 ss ht tm pbe syscall nx pdpe1gb rdtscp lm constant_tsc arch_perfmon pebs bts rep_good nopl xtopology nonstop_tsc aperfmperf eagerfpu pni pclmulqdq dtes64 monitor ds_cpl vmx est tm2 ssse3 fma cx16 xtpr pdcm pcid sse4_1 sse4_2 x2apic movbe popcnt tsc_deadline_timer xsave avx f16c rdrand lahf_lm abm ida arat epb xsaveopt pln pts dtherm tpr_shadow vnmi flexpriority ept vpid fsgsbase tsc_adjust bmi1 avx2 smep bmi2 erms invpcid
bogomips	: 6385.74
clflush size	: 64
cache_alignment	: 64
address sizes	: 39 bits physical, 48 bits virtual
power management:

processor	: 1
vendor_id	: GenuineIntel
cpu family	: 6
model		: 60
model name	: Intel(R) Core(TM) i5-4460  CPU @ 3.20GHz
stepping	: 3
microcode	: 0x9
cpu MHz		: 3201.000
cache size	: 6144 KB
physical id	: 0
siblings	: 4
core id		: 1
cpu cores	: 4
apicid		: 2
initial apicid	: 2
fpu		: yes
fpu_exception	: yes
cpuid level	: 13
wp		: yes
flags		: fpu vme de pse tsc msr pae mce cx8 apic sep mtrr pge mca cmov pat pse36 clflush dts acpi mmx fxsr sse sse2 ss ht tm pbe syscall nx pdpe1gb rdtscp lm constant_tsc arch_perfmon pebs bts rep_good nopl xtopology nonstop_tsc aperfmperf eagerfpu pni pclmulqdq dtes64 monitor ds_cpl vmx est tm2 ssse3 fma cx16 xtpr pdcm pcid sse4_1 sse4_2 x2apic movbe popcnt tsc_deadline_timer xsave avx f16c rdrand lahf_lm abm ida arat epb xsaveopt pln pts dtherm tpr_shadow vnmi flexpriority ept vpid fsgsbase tsc_adjust bmi1 avx2 smep bmi2 erms invpcid
bogomips	: 6385.74
clflush size	: 64
cache_alignment	: 64
address sizes	: 39 bits physical, 48 bits virtual
power management:

processor	: 2
vendor_id	: GenuineIntel
cpu family	: 6
model		: 60
model name	: Intel(R) Core(TM) i5-4460  CPU @ 3.20GHz
stepping	: 3
microcode	: 0x9
cpu MHz		: 3201.000
cache size	: 6144 KB
physical id	: 0
siblings	: 4
core id		: 2
cpu cores	: 4
apicid		: 4
initial apicid	: 4
fpu		: yes
fpu_exception	: yes
cpuid level	: 13
wp		: yes
flags		: fpu vme de pse tsc msr pae mce cx8 apic sep mtrr pge mca cmov pat pse36 clflush dts acpi mmx fxsr sse sse2 ss ht tm pbe syscall nx pdpe1gb rdtscp lm constant_tsc arch_perfmon pebs bts rep_good nopl xtopology nonstop_tsc aperfmperf eagerfpu pni pclmulqdq dtes64 monitor ds_cpl vmx est tm2 ssse3 fma cx16 xtpr pdcm pcid sse4_1 sse4_2 x2apic movbe popcnt tsc_deadline_timer xsave avx f16c rdrand lahf_lm abm ida arat epb xsaveopt pln pts dtherm tpr_shadow vnmi flexpriority ept vpid fsgsbase tsc_adjust bmi1 avx2 smep bmi2 erms invpcid
bogomips	: 6385.74
clflush size	: 64
cache_alignment	: 64
address sizes	: 39 bits physical, 48 bits virtual
power management:

processor	: 3
vendor_id	: GenuineIntel
cpu family	: 6
model		: 60
model name	: Intel(R) Core(TM) i5-4460  CPU @ 3.20GHz
stepping	: 3
microcode	: 0x9
cpu MHz		: 3201.000
cache size	: 6144 KB
physical id	: 0
siblings	: 4
core id		: 3
cpu cores	: 4
apicid		: 6
initial apicid	: 6
fpu		: yes
fpu_exception	: yes
cpuid level	: 13
wp		: yes
flags		: fpu vme de pse tsc msr pae mce cx8 apic sep mtrr pge mca cmov pat pse36 clflush dts acpi mmx fxsr sse sse2 ss ht tm pbe syscall nx pdpe1gb rdtscp lm constant_tsc arch_perfmon pebs bts rep_good nopl xtopology nonstop_tsc aperfmperf eagerfpu pni pclmulqdq dtes64 monitor ds_cpl vmx est tm2 ssse3 fma cx16 xtpr pdcm pcid sse4_1 sse4_2 x2apic movbe popcnt tsc_deadline_timer xsave avx f16c rdrand lahf_lm abm ida arat epb xsaveopt pln pts dtherm tpr_shadow vnmi flexpriority ept vpid fsgsbase tsc_adjust bmi1 avx2 smep bmi2 erms invpcid
bogomips	: 6385.74
clflush size	: 64
cache_alignment	: 64
address sizes	: 39 bits physical, 48 bits virtual
power management:



Memory: 4k page, physical 8033776k(159440k free), swap 0k(0k free)

vm_info: Java HotSpot(TM) 64-Bit Server VM (25.161-b12) for linux-amd64 JRE (1.8.0_161-b12), built on Dec 19 2017 16:12:43 by "java_re" with gcc 4.3.0 20080428 (Red Hat 4.3.0-8)

time: Thu Aug  9 05:25:40 2018
elapsed time: 6 seconds (0d 0h 0m 6s)

